2013/04/27 22:29:41 [error] [system.db.CDbCommand] CDbCommand::execute() falló: SQLSTATE[23000]: Integrity constraint violation: 1062 Duplicate entry '6' for key 'PRIMARY'. La sentencia SQL ejecutada fue: INSERT INTO `cons` (`Registro`, `FECHA`, `COD`, `CODT`, `C1VESALANO`, `CSUBSECUENTE`, `APREVENTIVA`, `ACURATIVA`, `PROMHORAS`, `PROMACTIV`) VALUES (:yp0, :yp1, :yp2, :yp3, :yp4, :yp5, :yp6, :yp7, :yp8, :yp9).
in C:\wamp\www\Odsys\protected\controllers\ConsController.php (115)
in C:\wamp\www\Odsys\index.php (13)
2013/04/27 22:29:41 [error] [exception.CDbException] exception 'CDbException' with message 'CDbCommand falló al ejecutar la sentencia SQL: SQLSTATE[23000]: Integrity constraint violation: 1062 Duplicate entry '6' for key 'PRIMARY'. The SQL statement executed was: INSERT INTO `cons` (`Registro`, `FECHA`, `COD`, `CODT`, `C1VESALANO`, `CSUBSECUENTE`, `APREVENTIVA`, `ACURATIVA`, `PROMHORAS`, `PROMACTIV`) VALUES (:yp0, :yp1, :yp2, :yp3, :yp4, :yp5, :yp6, :yp7, :yp8, :yp9)' in C:\wamp\www\yii\framework\db\CDbCommand.php:357
Stack trace:
#0 C:\wamp\www\yii\framework\db\ar\CActiveRecord.php(1023): CDbCommand->execute()
#1 C:\wamp\www\yii\framework\db\ar\CActiveRecord.php(795): CActiveRecord->insert(NULL)
#2 C:\wamp\www\Odsys\protected\controllers\ConsController.php(115): CActiveRecord->save()
#3 C:\wamp\www\yii\framework\web\actions\CInlineAction.php(49): ConsController->actionCreate()
#4 C:\wamp\www\yii\framework\web\CController.php(308): CInlineAction->runWithParams(Array)
#5 C:\wamp\www\yii\framework\web\filters\CFilterChain.php(133): CController->runAction(Object(CInlineAction))
#6 C:\wamp\www\yii\framework\web\filters\CFilter.php(40): CFilterChain->run()
#7 C:\wamp\www\yii\framework\web\CController.php(1145): CFilter->filter(Object(CFilterChain))
#8 C:\wamp\www\yii\framework\web\filters\CInlineFilter.php(58): CController->filterAccessControl(Object(CFilterChain))
#9 C:\wamp\www\yii\framework\web\filters\CFilterChain.php(130): CInlineFilter->filter(Object(CFilterChain))
#10 C:\wamp\www\yii\framework\web\CController.php(291): CFilterChain->run()
#11 C:\wamp\www\yii\framework\web\CController.php(265): CController->runActionWithFilters(Object(CInlineAction), Array)
#12 C:\wamp\www\yii\framework\web\CWebApplication.php(282): CController->run('create')
#13 C:\wamp\www\yii\framework\web\CWebApplication.php(141): CWebApplication->runController('cons/create')
#14 C:\wamp\www\yii\framework\base\CApplication.php(169): CWebApplication->processRequest()
#15 C:\wamp\www\Odsys\index.php(13): CApplication->run()
#16 {main}
REQUEST_URI=/Odsys/index.php/cons/create
HTTP_REFERER=http://localhost:82/Odsys/index.php/cons/create
---
2013/04/27 22:36:02 [error] [system.db.CDbCommand] CDbCommand::execute() falló: SQLSTATE[23000]: Integrity constraint violation: 1062 Duplicate entry '8' for key 'PRIMARY'. La sentencia SQL ejecutada fue: INSERT INTO `cons` (`Registro`, `FECHA`, `COD`, `CODT`, `C1VESALANO`, `CSUBSECUENTE`, `APREVENTIVA`, `ACURATIVA`, `PROMHORAS`, `PROMACTIV`) VALUES (:yp0, :yp1, :yp2, :yp3, :yp4, :yp5, :yp6, :yp7, :yp8, :yp9).
in C:\wamp\www\Odsys\protected\controllers\ConsController.php (115)
in C:\wamp\www\Odsys\index.php (13)
2013/04/27 22:36:02 [error] [exception.CDbException] exception 'CDbException' with message 'CDbCommand falló al ejecutar la sentencia SQL: SQLSTATE[23000]: Integrity constraint violation: 1062 Duplicate entry '8' for key 'PRIMARY'. The SQL statement executed was: INSERT INTO `cons` (`Registro`, `FECHA`, `COD`, `CODT`, `C1VESALANO`, `CSUBSECUENTE`, `APREVENTIVA`, `ACURATIVA`, `PROMHORAS`, `PROMACTIV`) VALUES (:yp0, :yp1, :yp2, :yp3, :yp4, :yp5, :yp6, :yp7, :yp8, :yp9)' in C:\wamp\www\yii\framework\db\CDbCommand.php:357
Stack trace:
#0 C:\wamp\www\yii\framework\db\ar\CActiveRecord.php(1023): CDbCommand->execute()
#1 C:\wamp\www\yii\framework\db\ar\CActiveRecord.php(795): CActiveRecord->insert(NULL)
#2 C:\wamp\www\Odsys\protected\controllers\ConsController.php(115): CActiveRecord->save()
#3 C:\wamp\www\yii\framework\web\actions\CInlineAction.php(49): ConsController->actionCreate()
#4 C:\wamp\www\yii\framework\web\CController.php(308): CInlineAction->runWithParams(Array)
#5 C:\wamp\www\yii\framework\web\filters\CFilterChain.php(133): CController->runAction(Object(CInlineAction))
#6 C:\wamp\www\yii\framework\web\filters\CFilter.php(40): CFilterChain->run()
#7 C:\wamp\www\yii\framework\web\CController.php(1145): CFilter->filter(Object(CFilterChain))
#8 C:\wamp\www\yii\framework\web\filters\CInlineFilter.php(58): CController->filterAccessControl(Object(CFilterChain))
#9 C:\wamp\www\yii\framework\web\filters\CFilterChain.php(130): CInlineFilter->filter(Object(CFilterChain))
#10 C:\wamp\www\yii\framework\web\CController.php(291): CFilterChain->run()
#11 C:\wamp\www\yii\framework\web\CController.php(265): CController->runActionWithFilters(Object(CInlineAction), Array)
#12 C:\wamp\www\yii\framework\web\CWebApplication.php(282): CController->run('create')
#13 C:\wamp\www\yii\framework\web\CWebApplication.php(141): CWebApplication->runController('cons/create')
#14 C:\wamp\www\yii\framework\base\CApplication.php(169): CWebApplication->processRequest()
#15 C:\wamp\www\Odsys\index.php(13): CApplication->run()
#16 {main}
REQUEST_URI=/Odsys/index.php/cons/create
HTTP_REFERER=http://localhost:82/Odsys/index.php/cons/create
---
2013/04/27 22:37:51 [error] [system.db.CDbCommand] CDbCommand::execute() falló: SQLSTATE[23000]: Integrity constraint violation: 1062 Duplicate entry '10' for key 'PRIMARY'. La sentencia SQL ejecutada fue: INSERT INTO `cons` (`Registro`, `FECHA`, `COD`, `CODT`, `C1VESALANO`, `CSUBSECUENTE`, `APREVENTIVA`, `ACURATIVA`, `PROMHORAS`, `PROMACTIV`) VALUES (:yp0, :yp1, :yp2, :yp3, :yp4, :yp5, :yp6, :yp7, :yp8, :yp9).
in C:\wamp\www\Odsys\protected\controllers\ConsController.php (115)
in C:\wamp\www\Odsys\index.php (13)
2013/04/27 22:37:51 [error] [exception.CDbException] exception 'CDbException' with message 'CDbCommand falló al ejecutar la sentencia SQL: SQLSTATE[23000]: Integrity constraint violation: 1062 Duplicate entry '10' for key 'PRIMARY'. The SQL statement executed was: INSERT INTO `cons` (`Registro`, `FECHA`, `COD`, `CODT`, `C1VESALANO`, `CSUBSECUENTE`, `APREVENTIVA`, `ACURATIVA`, `PROMHORAS`, `PROMACTIV`) VALUES (:yp0, :yp1, :yp2, :yp3, :yp4, :yp5, :yp6, :yp7, :yp8, :yp9)' in C:\wamp\www\yii\framework\db\CDbCommand.php:357
Stack trace:
#0 C:\wamp\www\yii\framework\db\ar\CActiveRecord.php(1023): CDbCommand->execute()
#1 C:\wamp\www\yii\framework\db\ar\CActiveRecord.php(795): CActiveRecord->insert(NULL)
#2 C:\wamp\www\Odsys\protected\controllers\ConsController.php(115): CActiveRecord->save()
#3 C:\wamp\www\yii\framework\web\actions\CInlineAction.php(49): ConsController->actionCreate()
#4 C:\wamp\www\yii\framework\web\CController.php(308): CInlineAction->runWithParams(Array)
#5 C:\wamp\www\yii\framework\web\filters\CFilterChain.php(133): CController->runAction(Object(CInlineAction))
#6 C:\wamp\www\yii\framework\web\filters\CFilter.php(40): CFilterChain->run()
#7 C:\wamp\www\yii\framework\web\CController.php(1145): CFilter->filter(Object(CFilterChain))
#8 C:\wamp\www\yii\framework\web\filters\CInlineFilter.php(58): CController->filterAccessControl(Object(CFilterChain))
#9 C:\wamp\www\yii\framework\web\filters\CFilterChain.php(130): CInlineFilter->filter(Object(CFilterChain))
#10 C:\wamp\www\yii\framework\web\CController.php(291): CFilterChain->run()
#11 C:\wamp\www\yii\framework\web\CController.php(265): CController->runActionWithFilters(Object(CInlineAction), Array)
#12 C:\wamp\www\yii\framework\web\CWebApplication.php(282): CController->run('create')
#13 C:\wamp\www\yii\framework\web\CWebApplication.php(141): CWebApplication->runController('cons/create')
#14 C:\wamp\www\yii\framework\base\CApplication.php(169): CWebApplication->processRequest()
#15 C:\wamp\www\Odsys\index.php(13): CApplication->run()
#16 {main}
REQUEST_URI=/Odsys/index.php/cons/create
HTTP_REFERER=http://localhost:82/Odsys/index.php/cons/create
---
2013/04/27 22:57:17 [error] [exception.CException] exception 'CException' with message 'ConsController y sus behaviors no tienen un método o closure llamado "getLastId".' in C:\wamp\www\yii\framework\base\CComponent.php:265
Stack trace:
#0 C:\wamp\www\Odsys\protected\views\cons\_form.php(21): CComponent->__call('getLastId', Array)
#1 C:\wamp\www\Odsys\protected\views\cons\_form.php(21): ConsController->getLastId()
#2 C:\wamp\www\yii\framework\web\CBaseController.php(126): require('C:\wamp\www\Ods...')
#3 C:\wamp\www\yii\framework\web\CBaseController.php(95): CBaseController->renderInternal('C:\wamp\www\Ods...', Array, true)
#4 C:\wamp\www\yii\framework\web\CController.php(869): CBaseController->renderFile('C:\wamp\www\Ods...', Array, true)
#5 C:\wamp\www\Odsys\protected\views\cons\create.php(18): CController->renderPartial('_form', Array)
#6 C:\wamp\www\yii\framework\web\CBaseController.php(126): require('C:\wamp\www\Ods...')
#7 C:\wamp\www\yii\framework\web\CBaseController.php(95): CBaseController->renderInternal('C:\wamp\www\Ods...', Array, true)
#8 C:\wamp\www\yii\framework\web\CController.php(869): CBaseController->renderFile('C:\wamp\www\Ods...', Array, true)
#9 C:\wamp\www\yii\framework\web\CController.php(782): CController->renderPartial('create', Array, true)
#10 C:\wamp\www\Odsys\protected\controllers\ConsController.php(121): CController->render('create', Array)
#11 C:\wamp\www\yii\framework\web\actions\CInlineAction.php(49): ConsController->actionCreate()
#12 C:\wamp\www\yii\framework\web\CController.php(308): CInlineAction->runWithParams(Array)
#13 C:\wamp\www\yii\framework\web\filters\CFilterChain.php(133): CController->runAction(Object(CInlineAction))
#14 C:\wamp\www\yii\framework\web\filters\CFilter.php(40): CFilterChain->run()
#15 C:\wamp\www\yii\framework\web\CController.php(1145): CFilter->filter(Object(CFilterChain))
#16 C:\wamp\www\yii\framework\web\filters\CInlineFilter.php(58): CController->filterAccessControl(Object(CFilterChain))
#17 C:\wamp\www\yii\framework\web\filters\CFilterChain.php(130): CInlineFilter->filter(Object(CFilterChain))
#18 C:\wamp\www\yii\framework\web\CController.php(291): CFilterChain->run()
#19 C:\wamp\www\yii\framework\web\CController.php(265): CController->runActionWithFilters(Object(CInlineAction), Array)
#20 C:\wamp\www\yii\framework\web\CWebApplication.php(282): CController->run('create')
#21 C:\wamp\www\yii\framework\web\CWebApplication.php(141): CWebApplication->runController('cons/create')
#22 C:\wamp\www\yii\framework\base\CApplication.php(169): CWebApplication->processRequest()
#23 C:\wamp\www\Odsys\index.php(13): CApplication->run()
#24 {main}
REQUEST_URI=/Odsys/index.php/cons/create
HTTP_REFERER=http://localhost:82/Odsys/index.php/cons/index
---
2013/04/27 23:04:09 [error] [system.db.CDbCommand] CDbCommand::execute() falló: SQLSTATE[23000]: Integrity constraint violation: 1062 Duplicate entry '1' for key 'PRIMARY'. La sentencia SQL ejecutada fue: INSERT INTO `cons` (`Registro`, `FECHA`, `COD`, `CODT`, `C1VESALANO`, `CSUBSECUENTE`, `APREVENTIVA`, `ACURATIVA`, `PROMHORAS`, `PROMACTIV`) VALUES (:yp0, :yp1, :yp2, :yp3, :yp4, :yp5, :yp6, :yp7, :yp8, :yp9).
in C:\wamp\www\Odsys\protected\controllers\ConsController.php (115)
in C:\wamp\www\Odsys\index.php (13)
2013/04/27 23:04:09 [error] [exception.CDbException] exception 'CDbException' with message 'CDbCommand falló al ejecutar la sentencia SQL: SQLSTATE[23000]: Integrity constraint violation: 1062 Duplicate entry '1' for key 'PRIMARY'. The SQL statement executed was: INSERT INTO `cons` (`Registro`, `FECHA`, `COD`, `CODT`, `C1VESALANO`, `CSUBSECUENTE`, `APREVENTIVA`, `ACURATIVA`, `PROMHORAS`, `PROMACTIV`) VALUES (:yp0, :yp1, :yp2, :yp3, :yp4, :yp5, :yp6, :yp7, :yp8, :yp9)' in C:\wamp\www\yii\framework\db\CDbCommand.php:357
Stack trace:
#0 C:\wamp\www\yii\framework\db\ar\CActiveRecord.php(1023): CDbCommand->execute()
#1 C:\wamp\www\yii\framework\db\ar\CActiveRecord.php(795): CActiveRecord->insert(NULL)
#2 C:\wamp\www\Odsys\protected\controllers\ConsController.php(115): CActiveRecord->save()
#3 C:\wamp\www\yii\framework\web\actions\CInlineAction.php(49): ConsController->actionCreate()
#4 C:\wamp\www\yii\framework\web\CController.php(308): CInlineAction->runWithParams(Array)
#5 C:\wamp\www\yii\framework\web\filters\CFilterChain.php(133): CController->runAction(Object(CInlineAction))
#6 C:\wamp\www\yii\framework\web\filters\CFilter.php(40): CFilterChain->run()
#7 C:\wamp\www\yii\framework\web\CController.php(1145): CFilter->filter(Object(CFilterChain))
#8 C:\wamp\www\yii\framework\web\filters\CInlineFilter.php(58): CController->filterAccessControl(Object(CFilterChain))
#9 C:\wamp\www\yii\framework\web\filters\CFilterChain.php(130): CInlineFilter->filter(Object(CFilterChain))
#10 C:\wamp\www\yii\framework\web\CController.php(291): CFilterChain->run()
#11 C:\wamp\www\yii\framework\web\CController.php(265): CController->runActionWithFilters(Object(CInlineAction), Array)
#12 C:\wamp\www\yii\framework\web\CWebApplication.php(282): CController->run('create')
#13 C:\wamp\www\yii\framework\web\CWebApplication.php(141): CWebApplication->runController('cons/create')
#14 C:\wamp\www\yii\framework\base\CApplication.php(169): CWebApplication->processRequest()
#15 C:\wamp\www\Odsys\index.php(13): CApplication->run()
#16 {main}
REQUEST_URI=/Odsys/index.php/cons/create
HTTP_REFERER=http://localhost:82/Odsys/index.php/cons/create
---
2013/04/27 23:04:14 [error] [system.db.CDbCommand] CDbCommand::execute() falló: SQLSTATE[23000]: Integrity constraint violation: 1062 Duplicate entry '1' for key 'PRIMARY'. La sentencia SQL ejecutada fue: INSERT INTO `cons` (`Registro`, `FECHA`, `COD`, `CODT`, `C1VESALANO`, `CSUBSECUENTE`, `APREVENTIVA`, `ACURATIVA`, `PROMHORAS`, `PROMACTIV`) VALUES (:yp0, :yp1, :yp2, :yp3, :yp4, :yp5, :yp6, :yp7, :yp8, :yp9).
in C:\wamp\www\Odsys\protected\controllers\ConsController.php (115)
in C:\wamp\www\Odsys\index.php (13)
2013/04/27 23:04:14 [error] [exception.CDbException] exception 'CDbException' with message 'CDbCommand falló al ejecutar la sentencia SQL: SQLSTATE[23000]: Integrity constraint violation: 1062 Duplicate entry '1' for key 'PRIMARY'. The SQL statement executed was: INSERT INTO `cons` (`Registro`, `FECHA`, `COD`, `CODT`, `C1VESALANO`, `CSUBSECUENTE`, `APREVENTIVA`, `ACURATIVA`, `PROMHORAS`, `PROMACTIV`) VALUES (:yp0, :yp1, :yp2, :yp3, :yp4, :yp5, :yp6, :yp7, :yp8, :yp9)' in C:\wamp\www\yii\framework\db\CDbCommand.php:357
Stack trace:
#0 C:\wamp\www\yii\framework\db\ar\CActiveRecord.php(1023): CDbCommand->execute()
#1 C:\wamp\www\yii\framework\db\ar\CActiveRecord.php(795): CActiveRecord->insert(NULL)
#2 C:\wamp\www\Odsys\protected\controllers\ConsController.php(115): CActiveRecord->save()
#3 C:\wamp\www\yii\framework\web\actions\CInlineAction.php(49): ConsController->actionCreate()
#4 C:\wamp\www\yii\framework\web\CController.php(308): CInlineAction->runWithParams(Array)
#5 C:\wamp\www\yii\framework\web\filters\CFilterChain.php(133): CController->runAction(Object(CInlineAction))
#6 C:\wamp\www\yii\framework\web\filters\CFilter.php(40): CFilterChain->run()
#7 C:\wamp\www\yii\framework\web\CController.php(1145): CFilter->filter(Object(CFilterChain))
#8 C:\wamp\www\yii\framework\web\filters\CInlineFilter.php(58): CController->filterAccessControl(Object(CFilterChain))
#9 C:\wamp\www\yii\framework\web\filters\CFilterChain.php(130): CInlineFilter->filter(Object(CFilterChain))
#10 C:\wamp\www\yii\framework\web\CController.php(291): CFilterChain->run()
#11 C:\wamp\www\yii\framework\web\CController.php(265): CController->runActionWithFilters(Object(CInlineAction), Array)
#12 C:\wamp\www\yii\framework\web\CWebApplication.php(282): CController->run('create')
#13 C:\wamp\www\yii\framework\web\CWebApplication.php(141): CWebApplication->runController('cons/create')
#14 C:\wamp\www\yii\framework\base\CApplication.php(169): CWebApplication->processRequest()
#15 C:\wamp\www\Odsys\index.php(13): CApplication->run()
#16 {main}
REQUEST_URI=/Odsys/index.php/cons/create
HTTP_REFERER=http://localhost:82/Odsys/index.php/cons/create
---
2013/04/27 23:04:15 [error] [system.db.CDbCommand] CDbCommand::execute() falló: SQLSTATE[23000]: Integrity constraint violation: 1062 Duplicate entry '1' for key 'PRIMARY'. La sentencia SQL ejecutada fue: INSERT INTO `cons` (`Registro`, `FECHA`, `COD`, `CODT`, `C1VESALANO`, `CSUBSECUENTE`, `APREVENTIVA`, `ACURATIVA`, `PROMHORAS`, `PROMACTIV`) VALUES (:yp0, :yp1, :yp2, :yp3, :yp4, :yp5, :yp6, :yp7, :yp8, :yp9).
in C:\wamp\www\Odsys\protected\controllers\ConsController.php (115)
in C:\wamp\www\Odsys\index.php (13)
2013/04/27 23:04:15 [error] [exception.CDbException] exception 'CDbException' with message 'CDbCommand falló al ejecutar la sentencia SQL: SQLSTATE[23000]: Integrity constraint violation: 1062 Duplicate entry '1' for key 'PRIMARY'. The SQL statement executed was: INSERT INTO `cons` (`Registro`, `FECHA`, `COD`, `CODT`, `C1VESALANO`, `CSUBSECUENTE`, `APREVENTIVA`, `ACURATIVA`, `PROMHORAS`, `PROMACTIV`) VALUES (:yp0, :yp1, :yp2, :yp3, :yp4, :yp5, :yp6, :yp7, :yp8, :yp9)' in C:\wamp\www\yii\framework\db\CDbCommand.php:357
Stack trace:
#0 C:\wamp\www\yii\framework\db\ar\CActiveRecord.php(1023): CDbCommand->execute()
#1 C:\wamp\www\yii\framework\db\ar\CActiveRecord.php(795): CActiveRecord->insert(NULL)
#2 C:\wamp\www\Odsys\protected\controllers\ConsController.php(115): CActiveRecord->save()
#3 C:\wamp\www\yii\framework\web\actions\CInlineAction.php(49): ConsController->actionCreate()
#4 C:\wamp\www\yii\framework\web\CController.php(308): CInlineAction->runWithParams(Array)
#5 C:\wamp\www\yii\framework\web\filters\CFilterChain.php(133): CController->runAction(Object(CInlineAction))
#6 C:\wamp\www\yii\framework\web\filters\CFilter.php(40): CFilterChain->run()
#7 C:\wamp\www\yii\framework\web\CController.php(1145): CFilter->filter(Object(CFilterChain))
#8 C:\wamp\www\yii\framework\web\filters\CInlineFilter.php(58): CController->filterAccessControl(Object(CFilterChain))
#9 C:\wamp\www\yii\framework\web\filters\CFilterChain.php(130): CInlineFilter->filter(Object(CFilterChain))
#10 C:\wamp\www\yii\framework\web\CController.php(291): CFilterChain->run()
#11 C:\wamp\www\yii\framework\web\CController.php(265): CController->runActionWithFilters(Object(CInlineAction), Array)
#12 C:\wamp\www\yii\framework\web\CWebApplication.php(282): CController->run('create')
#13 C:\wamp\www\yii\framework\web\CWebApplication.php(141): CWebApplication->runController('cons/create')
#14 C:\wamp\www\yii\framework\base\CApplication.php(169): CWebApplication->processRequest()
#15 C:\wamp\www\Odsys\index.php(13): CApplication->run()
#16 {main}
REQUEST_URI=/Odsys/index.php/cons/create
HTTP_REFERER=http://localhost:82/Odsys/index.php/cons/create
---
2013/04/27 23:04:16 [error] [system.db.CDbCommand] CDbCommand::execute() falló: SQLSTATE[23000]: Integrity constraint violation: 1062 Duplicate entry '1' for key 'PRIMARY'. La sentencia SQL ejecutada fue: INSERT INTO `cons` (`Registro`, `FECHA`, `COD`, `CODT`, `C1VESALANO`, `CSUBSECUENTE`, `APREVENTIVA`, `ACURATIVA`, `PROMHORAS`, `PROMACTIV`) VALUES (:yp0, :yp1, :yp2, :yp3, :yp4, :yp5, :yp6, :yp7, :yp8, :yp9).
in C:\wamp\www\Odsys\protected\controllers\ConsController.php (115)
in C:\wamp\www\Odsys\index.php (13)
2013/04/27 23:04:16 [error] [exception.CDbException] exception 'CDbException' with message 'CDbCommand falló al ejecutar la sentencia SQL: SQLSTATE[23000]: Integrity constraint violation: 1062 Duplicate entry '1' for key 'PRIMARY'. The SQL statement executed was: INSERT INTO `cons` (`Registro`, `FECHA`, `COD`, `CODT`, `C1VESALANO`, `CSUBSECUENTE`, `APREVENTIVA`, `ACURATIVA`, `PROMHORAS`, `PROMACTIV`) VALUES (:yp0, :yp1, :yp2, :yp3, :yp4, :yp5, :yp6, :yp7, :yp8, :yp9)' in C:\wamp\www\yii\framework\db\CDbCommand.php:357
Stack trace:
#0 C:\wamp\www\yii\framework\db\ar\CActiveRecord.php(1023): CDbCommand->execute()
#1 C:\wamp\www\yii\framework\db\ar\CActiveRecord.php(795): CActiveRecord->insert(NULL)
#2 C:\wamp\www\Odsys\protected\controllers\ConsController.php(115): CActiveRecord->save()
#3 C:\wamp\www\yii\framework\web\actions\CInlineAction.php(49): ConsController->actionCreate()
#4 C:\wamp\www\yii\framework\web\CController.php(308): CInlineAction->runWithParams(Array)
#5 C:\wamp\www\yii\framework\web\filters\CFilterChain.php(133): CController->runAction(Object(CInlineAction))
#6 C:\wamp\www\yii\framework\web\filters\CFilter.php(40): CFilterChain->run()
#7 C:\wamp\www\yii\framework\web\CController.php(1145): CFilter->filter(Object(CFilterChain))
#8 C:\wamp\www\yii\framework\web\filters\CInlineFilter.php(58): CController->filterAccessControl(Object(CFilterChain))
#9 C:\wamp\www\yii\framework\web\filters\CFilterChain.php(130): CInlineFilter->filter(Object(CFilterChain))
#10 C:\wamp\www\yii\framework\web\CController.php(291): CFilterChain->run()
#11 C:\wamp\www\yii\framework\web\CController.php(265): CController->runActionWithFilters(Object(CInlineAction), Array)
#12 C:\wamp\www\yii\framework\web\CWebApplication.php(282): CController->run('create')
#13 C:\wamp\www\yii\framework\web\CWebApplication.php(141): CWebApplication->runController('cons/create')
#14 C:\wamp\www\yii\framework\base\CApplication.php(169): CWebApplication->processRequest()
#15 C:\wamp\www\Odsys\index.php(13): CApplication->run()
#16 {main}
REQUEST_URI=/Odsys/index.php/cons/create
HTTP_REFERER=http://localhost:82/Odsys/index.php/cons/create
---
2013/04/27 23:04:17 [error] [system.db.CDbCommand] CDbCommand::execute() falló: SQLSTATE[23000]: Integrity constraint violation: 1062 Duplicate entry '1' for key 'PRIMARY'. La sentencia SQL ejecutada fue: INSERT INTO `cons` (`Registro`, `FECHA`, `COD`, `CODT`, `C1VESALANO`, `CSUBSECUENTE`, `APREVENTIVA`, `ACURATIVA`, `PROMHORAS`, `PROMACTIV`) VALUES (:yp0, :yp1, :yp2, :yp3, :yp4, :yp5, :yp6, :yp7, :yp8, :yp9).
in C:\wamp\www\Odsys\protected\controllers\ConsController.php (115)
in C:\wamp\www\Odsys\index.php (13)
2013/04/27 23:04:17 [error] [exception.CDbException] exception 'CDbException' with message 'CDbCommand falló al ejecutar la sentencia SQL: SQLSTATE[23000]: Integrity constraint violation: 1062 Duplicate entry '1' for key 'PRIMARY'. The SQL statement executed was: INSERT INTO `cons` (`Registro`, `FECHA`, `COD`, `CODT`, `C1VESALANO`, `CSUBSECUENTE`, `APREVENTIVA`, `ACURATIVA`, `PROMHORAS`, `PROMACTIV`) VALUES (:yp0, :yp1, :yp2, :yp3, :yp4, :yp5, :yp6, :yp7, :yp8, :yp9)' in C:\wamp\www\yii\framework\db\CDbCommand.php:357
Stack trace:
#0 C:\wamp\www\yii\framework\db\ar\CActiveRecord.php(1023): CDbCommand->execute()
#1 C:\wamp\www\yii\framework\db\ar\CActiveRecord.php(795): CActiveRecord->insert(NULL)
#2 C:\wamp\www\Odsys\protected\controllers\ConsController.php(115): CActiveRecord->save()
#3 C:\wamp\www\yii\framework\web\actions\CInlineAction.php(49): ConsController->actionCreate()
#4 C:\wamp\www\yii\framework\web\CController.php(308): CInlineAction->runWithParams(Array)
#5 C:\wamp\www\yii\framework\web\filters\CFilterChain.php(133): CController->runAction(Object(CInlineAction))
#6 C:\wamp\www\yii\framework\web\filters\CFilter.php(40): CFilterChain->run()
#7 C:\wamp\www\yii\framework\web\CController.php(1145): CFilter->filter(Object(CFilterChain))
#8 C:\wamp\www\yii\framework\web\filters\CInlineFilter.php(58): CController->filterAccessControl(Object(CFilterChain))
#9 C:\wamp\www\yii\framework\web\filters\CFilterChain.php(130): CInlineFilter->filter(Object(CFilterChain))
#10 C:\wamp\www\yii\framework\web\CController.php(291): CFilterChain->run()
#11 C:\wamp\www\yii\framework\web\CController.php(265): CController->runActionWithFilters(Object(CInlineAction), Array)
#12 C:\wamp\www\yii\framework\web\CWebApplication.php(282): CController->run('create')
#13 C:\wamp\www\yii\framework\web\CWebApplication.php(141): CWebApplication->runController('cons/create')
#14 C:\wamp\www\yii\framework\base\CApplication.php(169): CWebApplication->processRequest()
#15 C:\wamp\www\Odsys\index.php(13): CApplication->run()
#16 {main}
REQUEST_URI=/Odsys/index.php/cons/create
HTTP_REFERER=http://localhost:82/Odsys/index.php/cons/create
---
2013/04/27 23:08:44 [error] [system.db.CDbCommand] CDbCommand::execute() falló: SQLSTATE[23000]: Integrity constraint violation: 1062 Duplicate entry '2' for key 'PRIMARY'. La sentencia SQL ejecutada fue: INSERT INTO `cons` (`Registro`, `FECHA`, `COD`, `CODT`, `C1VESALANO`, `CSUBSECUENTE`, `APREVENTIVA`, `ACURATIVA`, `PROMHORAS`, `PROMACTIV`) VALUES (:yp0, :yp1, :yp2, :yp3, :yp4, :yp5, :yp6, :yp7, :yp8, :yp9).
in C:\wamp\www\Odsys\protected\controllers\ConsController.php (115)
in C:\wamp\www\Odsys\index.php (13)
2013/04/27 23:08:44 [error] [exception.CDbException] exception 'CDbException' with message 'CDbCommand falló al ejecutar la sentencia SQL: SQLSTATE[23000]: Integrity constraint violation: 1062 Duplicate entry '2' for key 'PRIMARY'. The SQL statement executed was: INSERT INTO `cons` (`Registro`, `FECHA`, `COD`, `CODT`, `C1VESALANO`, `CSUBSECUENTE`, `APREVENTIVA`, `ACURATIVA`, `PROMHORAS`, `PROMACTIV`) VALUES (:yp0, :yp1, :yp2, :yp3, :yp4, :yp5, :yp6, :yp7, :yp8, :yp9)' in C:\wamp\www\yii\framework\db\CDbCommand.php:357
Stack trace:
#0 C:\wamp\www\yii\framework\db\ar\CActiveRecord.php(1023): CDbCommand->execute()
#1 C:\wamp\www\yii\framework\db\ar\CActiveRecord.php(795): CActiveRecord->insert(NULL)
#2 C:\wamp\www\Odsys\protected\controllers\ConsController.php(115): CActiveRecord->save()
#3 C:\wamp\www\yii\framework\web\actions\CInlineAction.php(49): ConsController->actionCreate()
#4 C:\wamp\www\yii\framework\web\CController.php(308): CInlineAction->runWithParams(Array)
#5 C:\wamp\www\yii\framework\web\filters\CFilterChain.php(133): CController->runAction(Object(CInlineAction))
#6 C:\wamp\www\yii\framework\web\filters\CFilter.php(40): CFilterChain->run()
#7 C:\wamp\www\yii\framework\web\CController.php(1145): CFilter->filter(Object(CFilterChain))
#8 C:\wamp\www\yii\framework\web\filters\CInlineFilter.php(58): CController->filterAccessControl(Object(CFilterChain))
#9 C:\wamp\www\yii\framework\web\filters\CFilterChain.php(130): CInlineFilter->filter(Object(CFilterChain))
#10 C:\wamp\www\yii\framework\web\CController.php(291): CFilterChain->run()
#11 C:\wamp\www\yii\framework\web\CController.php(265): CController->runActionWithFilters(Object(CInlineAction), Array)
#12 C:\wamp\www\yii\framework\web\CWebApplication.php(282): CController->run('create')
#13 C:\wamp\www\yii\framework\web\CWebApplication.php(141): CWebApplication->runController('cons/create')
#14 C:\wamp\www\yii\framework\base\CApplication.php(169): CWebApplication->processRequest()
#15 C:\wamp\www\Odsys\index.php(13): CApplication->run()
#16 {main}
REQUEST_URI=/Odsys/index.php/cons/create
HTTP_REFERER=http://localhost:82/Odsys/index.php/cons/create
---
2013/04/27 23:23:49 [error] [system.db.CDbCommand] CDbCommand::execute() falló: SQLSTATE[23000]: Integrity constraint violation: 1452 Cannot add or update a child row: a foreign key constraint fails (`odsys1`.`users`, CONSTRAINT `users_ibfk_2` FOREIGN KEY (`CED`) REFERENCES `pers` (`CED`)). La sentencia SQL ejecutada fue: INSERT INTO `users` (`CODUSER`, `CED`, `username`, `password`, `session`, `role`) VALUES (:yp0, :yp1, :yp2, :yp3, :yp4, :yp5).
in C:\wamp\www\Odsys\protected\controllers\UsersController.php (65)
in C:\wamp\www\Odsys\index.php (13)
2013/04/27 23:23:49 [error] [exception.CDbException] exception 'CDbException' with message 'CDbCommand falló al ejecutar la sentencia SQL: SQLSTATE[23000]: Integrity constraint violation: 1452 Cannot add or update a child row: a foreign key constraint fails (`odsys1`.`users`, CONSTRAINT `users_ibfk_2` FOREIGN KEY (`CED`) REFERENCES `pers` (`CED`)). The SQL statement executed was: INSERT INTO `users` (`CODUSER`, `CED`, `username`, `password`, `session`, `role`) VALUES (:yp0, :yp1, :yp2, :yp3, :yp4, :yp5)' in C:\wamp\www\yii\framework\db\CDbCommand.php:357
Stack trace:
#0 C:\wamp\www\yii\framework\db\ar\CActiveRecord.php(1023): CDbCommand->execute()
#1 C:\wamp\www\yii\framework\db\ar\CActiveRecord.php(795): CActiveRecord->insert(NULL)
#2 C:\wamp\www\Odsys\protected\controllers\UsersController.php(65): CActiveRecord->save()
#3 C:\wamp\www\yii\framework\web\actions\CInlineAction.php(49): UsersController->actionCreate()
#4 C:\wamp\www\yii\framework\web\CController.php(308): CInlineAction->runWithParams(Array)
#5 C:\wamp\www\yii\framework\web\filters\CFilterChain.php(133): CController->runAction(Object(CInlineAction))
#6 C:\wamp\www\yii\framework\web\filters\CFilter.php(40): CFilterChain->run()
#7 C:\wamp\www\yii\framework\web\CController.php(1145): CFilter->filter(Object(CFilterChain))
#8 C:\wamp\www\yii\framework\web\filters\CInlineFilter.php(58): CController->filterAccessControl(Object(CFilterChain))
#9 C:\wamp\www\yii\framework\web\filters\CFilterChain.php(130): CInlineFilter->filter(Object(CFilterChain))
#10 C:\wamp\www\yii\framework\web\CController.php(291): CFilterChain->run()
#11 C:\wamp\www\yii\framework\web\CController.php(265): CController->runActionWithFilters(Object(CInlineAction), Array)
#12 C:\wamp\www\yii\framework\web\CWebApplication.php(282): CController->run('create')
#13 C:\wamp\www\yii\framework\web\CWebApplication.php(141): CWebApplication->runController('users/create')
#14 C:\wamp\www\yii\framework\base\CApplication.php(169): CWebApplication->processRequest()
#15 C:\wamp\www\Odsys\index.php(13): CApplication->run()
#16 {main}
REQUEST_URI=/odsys/index.php/users/create
HTTP_REFERER=http://localhost:82/odsys/index.php/users/create
---
2013/04/27 23:24:20 [error] [system.db.CDbCommand] CDbCommand::execute() falló: SQLSTATE[23000]: Integrity constraint violation: 1452 Cannot add or update a child row: a foreign key constraint fails (`odsys1`.`users`, CONSTRAINT `users_ibfk_2` FOREIGN KEY (`CED`) REFERENCES `pers` (`CED`)). La sentencia SQL ejecutada fue: INSERT INTO `users` (`CODUSER`, `CED`, `username`, `password`, `session`, `role`) VALUES (:yp0, :yp1, :yp2, :yp3, :yp4, :yp5).
in C:\wamp\www\Odsys\protected\controllers\UsersController.php (65)
in C:\wamp\www\Odsys\index.php (13)
2013/04/27 23:24:20 [error] [exception.CDbException] exception 'CDbException' with message 'CDbCommand falló al ejecutar la sentencia SQL: SQLSTATE[23000]: Integrity constraint violation: 1452 Cannot add or update a child row: a foreign key constraint fails (`odsys1`.`users`, CONSTRAINT `users_ibfk_2` FOREIGN KEY (`CED`) REFERENCES `pers` (`CED`)). The SQL statement executed was: INSERT INTO `users` (`CODUSER`, `CED`, `username`, `password`, `session`, `role`) VALUES (:yp0, :yp1, :yp2, :yp3, :yp4, :yp5)' in C:\wamp\www\yii\framework\db\CDbCommand.php:357
Stack trace:
#0 C:\wamp\www\yii\framework\db\ar\CActiveRecord.php(1023): CDbCommand->execute()
#1 C:\wamp\www\yii\framework\db\ar\CActiveRecord.php(795): CActiveRecord->insert(NULL)
#2 C:\wamp\www\Odsys\protected\controllers\UsersController.php(65): CActiveRecord->save()
#3 C:\wamp\www\yii\framework\web\actions\CInlineAction.php(49): UsersController->actionCreate()
#4 C:\wamp\www\yii\framework\web\CController.php(308): CInlineAction->runWithParams(Array)
#5 C:\wamp\www\yii\framework\web\filters\CFilterChain.php(133): CController->runAction(Object(CInlineAction))
#6 C:\wamp\www\yii\framework\web\filters\CFilter.php(40): CFilterChain->run()
#7 C:\wamp\www\yii\framework\web\CController.php(1145): CFilter->filter(Object(CFilterChain))
#8 C:\wamp\www\yii\framework\web\filters\CInlineFilter.php(58): CController->filterAccessControl(Object(CFilterChain))
#9 C:\wamp\www\yii\framework\web\filters\CFilterChain.php(130): CInlineFilter->filter(Object(CFilterChain))
#10 C:\wamp\www\yii\framework\web\CController.php(291): CFilterChain->run()
#11 C:\wamp\www\yii\framework\web\CController.php(265): CController->runActionWithFilters(Object(CInlineAction), Array)
#12 C:\wamp\www\yii\framework\web\CWebApplication.php(282): CController->run('create')
#13 C:\wamp\www\yii\framework\web\CWebApplication.php(141): CWebApplication->runController('users/create')
#14 C:\wamp\www\yii\framework\base\CApplication.php(169): CWebApplication->processRequest()
#15 C:\wamp\www\Odsys\index.php(13): CApplication->run()
#16 {main}
REQUEST_URI=/odsys/index.php/users/create
HTTP_REFERER=http://localhost:82/odsys/index.php/users/create
---
2013/04/27 23:34:51 [error] [exception.CException] exception 'CException' with message 'Propiedad "Users"."NOM" no se encuentra definida.' in C:\wamp\www\yii\framework\base\CComponent.php:130
Stack trace:
#0 C:\wamp\www\yii\framework\db\ar\CActiveRecord.php(143): CComponent->__get('NOM')
#1 C:\wamp\www\yii\framework\web\helpers\CHtml.php(2255): CActiveRecord->__get('NOM')
#2 C:\wamp\www\yii\framework\web\helpers\CHtml.php(1980): CHtml::resolveValue(Object(Users), 'NOM')
#3 C:\wamp\www\yii\framework\web\helpers\CHtml.php(1257): CHtml::activeInputField('text', Object(Users), 'NOM', Array)
#4 C:\wamp\www\yii\framework\zii\widgets\grid\CDataColumn.php(97): CHtml::activeTextField(Object(Users), 'NOM', Array)
#5 C:\wamp\www\yii\framework\zii\widgets\grid\CGridColumn.php(109): CDataColumn->renderFilterCellContent()
#6 C:\wamp\www\yii\framework\zii\widgets\grid\CGridView.php(505): CGridColumn->renderFilterCell()
#7 C:\wamp\www\yii\framework\zii\widgets\grid\CGridView.php(483): CGridView->renderFilter()
#8 C:\wamp\www\yii\framework\zii\widgets\grid\CGridView.php(453): CGridView->renderTableHeader()
#9 C:\wamp\www\yii\framework\zii\widgets\CBaseListView.php(160): CGridView->renderItems()
#10 [internal function]: CBaseListView->renderSection(Array)
#11 C:\wamp\www\yii\framework\zii\widgets\CBaseListView.php(143): preg_replace_callback('/{(\w+)}/', Array, '{summary}?{item...')
#12 C:\wamp\www\yii\framework\zii\widgets\CBaseListView.php(128): CBaseListView->renderContent()
#13 C:\wamp\www\yii\framework\web\CBaseController.php(173): CBaseListView->run()
#14 C:\wamp\www\Odsys\protected\views\users\_form.php(54): CBaseController->widget('zii.widgets.gri...', Array)
#15 C:\wamp\www\yii\framework\web\CBaseController.php(126): require('C:\wamp\www\Ods...')
#16 C:\wamp\www\yii\framework\web\CBaseController.php(95): CBaseController->renderInternal('C:\wamp\www\Ods...', Array, true)
#17 C:\wamp\www\yii\framework\web\CController.php(869): CBaseController->renderFile('C:\wamp\www\Ods...', Array, true)
#18 C:\wamp\www\Odsys\protected\views\users\create.php(18): CController->renderPartial('_form', Array)
#19 C:\wamp\www\yii\framework\web\CBaseController.php(126): require('C:\wamp\www\Ods...')
#20 C:\wamp\www\yii\framework\web\CBaseController.php(95): CBaseController->renderInternal('C:\wamp\www\Ods...', Array, true)
#21 C:\wamp\www\yii\framework\web\CController.php(869): CBaseController->renderFile('C:\wamp\www\Ods...', Array, true)
#22 C:\wamp\www\yii\framework\web\CController.php(782): CController->renderPartial('create', Array, true)
#23 C:\wamp\www\Odsys\protected\controllers\UsersController.php(71): CController->render('create', Array)
#24 C:\wamp\www\yii\framework\web\actions\CInlineAction.php(49): UsersController->actionCreate()
#25 C:\wamp\www\yii\framework\web\CController.php(308): CInlineAction->runWithParams(Array)
#26 C:\wamp\www\yii\framework\web\filters\CFilterChain.php(133): CController->runAction(Object(CInlineAction))
#27 C:\wamp\www\yii\framework\web\filters\CFilter.php(40): CFilterChain->run()
#28 C:\wamp\www\yii\framework\web\CController.php(1145): CFilter->filter(Object(CFilterChain))
#29 C:\wamp\www\yii\framework\web\filters\CInlineFilter.php(58): CController->filterAccessControl(Object(CFilterChain))
#30 C:\wamp\www\yii\framework\web\filters\CFilterChain.php(130): CInlineFilter->filter(Object(CFilterChain))
#31 C:\wamp\www\yii\framework\web\CController.php(291): CFilterChain->run()
#32 C:\wamp\www\yii\framework\web\CController.php(265): CController->runActionWithFilters(Object(CInlineAction), Array)
#33 C:\wamp\www\yii\framework\web\CWebApplication.php(282): CController->run('create')
#34 C:\wamp\www\yii\framework\web\CWebApplication.php(141): CWebApplication->runController('users/create')
#35 C:\wamp\www\yii\framework\base\CApplication.php(169): CWebApplication->processRequest()
#36 C:\wamp\www\Odsys\index.php(13): CApplication->run()
#37 {main}
REQUEST_URI=/odsys/index.php/users/create
HTTP_REFERER=http://localhost:82/odsys/index.php/users/index
---
2013/04/27 23:34:58 [error] [exception.CException] exception 'CException' with message 'Propiedad "Users"."NOM" no se encuentra definida.' in C:\wamp\www\yii\framework\base\CComponent.php:130
Stack trace:
#0 C:\wamp\www\yii\framework\db\ar\CActiveRecord.php(143): CComponent->__get('NOM')
#1 C:\wamp\www\yii\framework\web\helpers\CHtml.php(2255): CActiveRecord->__get('NOM')
#2 C:\wamp\www\yii\framework\web\helpers\CHtml.php(1980): CHtml::resolveValue(Object(Users), 'NOM')
#3 C:\wamp\www\yii\framework\web\helpers\CHtml.php(1257): CHtml::activeInputField('text', Object(Users), 'NOM', Array)
#4 C:\wamp\www\yii\framework\zii\widgets\grid\CDataColumn.php(97): CHtml::activeTextField(Object(Users), 'NOM', Array)
#5 C:\wamp\www\yii\framework\zii\widgets\grid\CGridColumn.php(109): CDataColumn->renderFilterCellContent()
#6 C:\wamp\www\yii\framework\zii\widgets\grid\CGridView.php(505): CGridColumn->renderFilterCell()
#7 C:\wamp\www\yii\framework\zii\widgets\grid\CGridView.php(483): CGridView->renderFilter()
#8 C:\wamp\www\yii\framework\zii\widgets\grid\CGridView.php(453): CGridView->renderTableHeader()
#9 C:\wamp\www\yii\framework\zii\widgets\CBaseListView.php(160): CGridView->renderItems()
#10 [internal function]: CBaseListView->renderSection(Array)
#11 C:\wamp\www\yii\framework\zii\widgets\CBaseListView.php(143): preg_replace_callback('/{(\w+)}/', Array, '{summary}?{item...')
#12 C:\wamp\www\yii\framework\zii\widgets\CBaseListView.php(128): CBaseListView->renderContent()
#13 C:\wamp\www\yii\framework\web\CBaseController.php(173): CBaseListView->run()
#14 C:\wamp\www\Odsys\protected\views\users\_form.php(54): CBaseController->widget('zii.widgets.gri...', Array)
#15 C:\wamp\www\yii\framework\web\CBaseController.php(126): require('C:\wamp\www\Ods...')
#16 C:\wamp\www\yii\framework\web\CBaseController.php(95): CBaseController->renderInternal('C:\wamp\www\Ods...', Array, true)
#17 C:\wamp\www\yii\framework\web\CController.php(869): CBaseController->renderFile('C:\wamp\www\Ods...', Array, true)
#18 C:\wamp\www\Odsys\protected\views\users\create.php(18): CController->renderPartial('_form', Array)
#19 C:\wamp\www\yii\framework\web\CBaseController.php(126): require('C:\wamp\www\Ods...')
#20 C:\wamp\www\yii\framework\web\CBaseController.php(95): CBaseController->renderInternal('C:\wamp\www\Ods...', Array, true)
#21 C:\wamp\www\yii\framework\web\CController.php(869): CBaseController->renderFile('C:\wamp\www\Ods...', Array, true)
#22 C:\wamp\www\yii\framework\web\CController.php(782): CController->renderPartial('create', Array, true)
#23 C:\wamp\www\Odsys\protected\controllers\UsersController.php(71): CController->render('create', Array)
#24 C:\wamp\www\yii\framework\web\actions\CInlineAction.php(49): UsersController->actionCreate()
#25 C:\wamp\www\yii\framework\web\CController.php(308): CInlineAction->runWithParams(Array)
#26 C:\wamp\www\yii\framework\web\filters\CFilterChain.php(133): CController->runAction(Object(CInlineAction))
#27 C:\wamp\www\yii\framework\web\filters\CFilter.php(40): CFilterChain->run()
#28 C:\wamp\www\yii\framework\web\CController.php(1145): CFilter->filter(Object(CFilterChain))
#29 C:\wamp\www\yii\framework\web\filters\CInlineFilter.php(58): CController->filterAccessControl(Object(CFilterChain))
#30 C:\wamp\www\yii\framework\web\filters\CFilterChain.php(130): CInlineFilter->filter(Object(CFilterChain))
#31 C:\wamp\www\yii\framework\web\CController.php(291): CFilterChain->run()
#32 C:\wamp\www\yii\framework\web\CController.php(265): CController->runActionWithFilters(Object(CInlineAction), Array)
#33 C:\wamp\www\yii\framework\web\CWebApplication.php(282): CController->run('create')
#34 C:\wamp\www\yii\framework\web\CWebApplication.php(141): CWebApplication->runController('users/create')
#35 C:\wamp\www\yii\framework\base\CApplication.php(169): CWebApplication->processRequest()
#36 C:\wamp\www\Odsys\index.php(13): CApplication->run()
#37 {main}
REQUEST_URI=/odsys/index.php/users/create
HTTP_REFERER=http://localhost:82/odsys/index.php/users/index
---
2013/04/27 23:39:15 [error] [exception.CException] exception 'CException' with message 'Propiedad "Pers"."username" no se encuentra definida.' in C:\wamp\www\yii\framework\base\CComponent.php:130
Stack trace:
#0 C:\wamp\www\yii\framework\db\ar\CActiveRecord.php(143): CComponent->__get('username')
#1 C:\wamp\www\yii\framework\web\helpers\CHtml.php(2255): CActiveRecord->__get('username')
#2 C:\wamp\www\yii\framework\web\helpers\CHtml.php(1980): CHtml::resolveValue(Object(Pers), 'username')
#3 C:\wamp\www\yii\framework\web\helpers\CHtml.php(1257): CHtml::activeInputField('text', Object(Pers), 'username', Array)
#4 C:\wamp\www\yii\framework\web\widgets\CActiveForm.php(657): CHtml::activeTextField(Object(Pers), 'username', Array)
#5 C:\wamp\www\Odsys\protected\views\users\_form.php(68): CActiveForm->textField(Object(Pers), 'username', Array)
#6 C:\wamp\www\yii\framework\web\CBaseController.php(126): require('C:\wamp\www\Ods...')
#7 C:\wamp\www\yii\framework\web\CBaseController.php(95): CBaseController->renderInternal('C:\wamp\www\Ods...', Array, true)
#8 C:\wamp\www\yii\framework\web\CController.php(869): CBaseController->renderFile('C:\wamp\www\Ods...', Array, true)
#9 C:\wamp\www\Odsys\protected\views\users\create.php(18): CController->renderPartial('_form', Array)
#10 C:\wamp\www\yii\framework\web\CBaseController.php(126): require('C:\wamp\www\Ods...')
#11 C:\wamp\www\yii\framework\web\CBaseController.php(95): CBaseController->renderInternal('C:\wamp\www\Ods...', Array, true)
#12 C:\wamp\www\yii\framework\web\CController.php(869): CBaseController->renderFile('C:\wamp\www\Ods...', Array, true)
#13 C:\wamp\www\yii\framework\web\CController.php(782): CController->renderPartial('create', Array, true)
#14 C:\wamp\www\Odsys\protected\controllers\UsersController.php(71): CController->render('create', Array)
#15 C:\wamp\www\yii\framework\web\actions\CInlineAction.php(49): UsersController->actionCreate()
#16 C:\wamp\www\yii\framework\web\CController.php(308): CInlineAction->runWithParams(Array)
#17 C:\wamp\www\yii\framework\web\filters\CFilterChain.php(133): CController->runAction(Object(CInlineAction))
#18 C:\wamp\www\yii\framework\web\filters\CFilter.php(40): CFilterChain->run()
#19 C:\wamp\www\yii\framework\web\CController.php(1145): CFilter->filter(Object(CFilterChain))
#20 C:\wamp\www\yii\framework\web\filters\CInlineFilter.php(58): CController->filterAccessControl(Object(CFilterChain))
#21 C:\wamp\www\yii\framework\web\filters\CFilterChain.php(130): CInlineFilter->filter(Object(CFilterChain))
#22 C:\wamp\www\yii\framework\web\CController.php(291): CFilterChain->run()
#23 C:\wamp\www\yii\framework\web\CController.php(265): CController->runActionWithFilters(Object(CInlineAction), Array)
#24 C:\wamp\www\yii\framework\web\CWebApplication.php(282): CController->run('create')
#25 C:\wamp\www\yii\framework\web\CWebApplication.php(141): CWebApplication->runController('users/create')
#26 C:\wamp\www\yii\framework\base\CApplication.php(169): CWebApplication->processRequest()
#27 C:\wamp\www\Odsys\index.php(13): CApplication->run()
#28 {main}
REQUEST_URI=/odsys/index.php/users/create
HTTP_REFERER=http://localhost:82/odsys/index.php/users/index
---
2013/04/30 19:58:32 [error] [exception.CHttpException.404] exception 'CHttpException' with message 'El sistema no ha podido encontrar la acción "123y hgtt" solicitada.' in C:\wamp\www\yii\framework\web\CController.php:483
Stack trace:
#0 C:\wamp\www\yii\framework\web\CController.php(270): CController->missingAction('123y hgtt')
#1 C:\wamp\www\yii\framework\web\CWebApplication.php(282): CController->run('123y hgtt')
#2 C:\wamp\www\yii\framework\web\CWebApplication.php(141): CWebApplication->runController('pers/123y hgtt')
#3 C:\wamp\www\yii\framework\base\CApplication.php(169): CWebApplication->processRequest()
#4 C:\wamp\www\Odsys\index.php(13): CApplication->run()
#5 {main}
REQUEST_URI=/odsys/index.php/pers/123y+hgtt
HTTP_REFERER=http://localhost:82/odsys/index.php/pers/create
---
2013/04/30 20:47:28 [error] [exception.CHttpException.404] exception 'CHttpException' with message 'El sistema no ha podido encontrar la acción "report1" solicitada.' in C:\wamp\www\yii\framework\web\CController.php:483
Stack trace:
#0 C:\wamp\www\yii\framework\web\CController.php(270): CController->missingAction('report1')
#1 C:\wamp\www\yii\framework\web\CWebApplication.php(282): CController->run('report1')
#2 C:\wamp\www\yii\framework\web\CWebApplication.php(141): CWebApplication->runController('cons/report1')
#3 C:\wamp\www\yii\framework\base\CApplication.php(169): CWebApplication->processRequest()
#4 C:\wamp\www\Odsys\index.php(13): CApplication->run()
#5 {main}
REQUEST_URI=/odsys/index.php/cons/report1?xls=1
HTTP_REFERER=http://localhost:82/odsys/index.php/reports/report1
---
2013/04/30 20:50:16 [error] [exception.CHttpException.404] exception 'CHttpException' with message 'El sistema no ha podido encontrar la acción "report1" solicitada.' in C:\wamp\www\yii\framework\web\CController.php:483
Stack trace:
#0 C:\wamp\www\yii\framework\web\CController.php(270): CController->missingAction('report1')
#1 C:\wamp\www\yii\framework\web\CWebApplication.php(282): CController->run('report1')
#2 C:\wamp\www\yii\framework\web\CWebApplication.php(141): CWebApplication->runController('cons/report1')
#3 C:\wamp\www\yii\framework\base\CApplication.php(169): CWebApplication->processRequest()
#4 C:\wamp\www\Odsys\index.php(13): CApplication->run()
#5 {main}
REQUEST_URI=/odsys/index.php/cons/report1?xls=1
HTTP_REFERER=http://localhost:82/odsys/index.php/reports/report1
---
2013/04/30 20:50:33 [error] [exception.CHttpException.404] exception 'CHttpException' with message 'El sistema no ha podido encontrar la acción "report1" solicitada.' in C:\wamp\www\yii\framework\web\CController.php:483
Stack trace:
#0 C:\wamp\www\yii\framework\web\CController.php(270): CController->missingAction('report1')
#1 C:\wamp\www\yii\framework\web\CWebApplication.php(282): CController->run('report1')
#2 C:\wamp\www\yii\framework\web\CWebApplication.php(141): CWebApplication->runController('cons/report1')
#3 C:\wamp\www\yii\framework\base\CApplication.php(169): CWebApplication->processRequest()
#4 C:\wamp\www\Odsys\index.php(13): CApplication->run()
#5 {main}
REQUEST_URI=/odsys/index.php/cons/report1?xls=1
HTTP_REFERER=http://localhost:82/odsys/index.php/reports/report1
---
2013/04/30 20:51:51 [error] [exception.CHttpException.404] exception 'CHttpException' with message 'El sistema no ha podido encontrar la acción "report1" solicitada.' in C:\wamp\www\yii\framework\web\CController.php:483
Stack trace:
#0 C:\wamp\www\yii\framework\web\CController.php(270): CController->missingAction('report1')
#1 C:\wamp\www\yii\framework\web\CWebApplication.php(282): CController->run('report1')
#2 C:\wamp\www\yii\framework\web\CWebApplication.php(141): CWebApplication->runController('cons/report1')
#3 C:\wamp\www\yii\framework\base\CApplication.php(169): CWebApplication->processRequest()
#4 C:\wamp\www\Odsys\index.php(13): CApplication->run()
#5 {main}
REQUEST_URI=/odsys/index.php/cons/report1?xls=1
HTTP_REFERER=http://localhost:82/odsys/index.php/reports/report1
---
2013/04/30 20:52:09 [error] [php] Undefined variable: idCod (C:\wamp\www\Odsys\protected\controllers\ConsController.php:189)
Stack trace:
#0 C:\wamp\www\yii\framework\web\filters\CFilterChain.php(133): ConsController->runAction()
#1 C:\wamp\www\yii\framework\web\filters\CFilter.php(40): CFilterChain->run()
#2 C:\wamp\www\yii\framework\web\CController.php(1145): CAccessControlFilter->filter()
#3 C:\wamp\www\yii\framework\web\filters\CInlineFilter.php(58): ConsController->filterAccessControl()
#4 C:\wamp\www\yii\framework\web\filters\CFilterChain.php(130): CInlineFilter->filter()
#5 C:\wamp\www\yii\framework\web\CController.php(291): CFilterChain->run()
#6 C:\wamp\www\yii\framework\web\CController.php(265): ConsController->runActionWithFilters()
#7 C:\wamp\www\yii\framework\web\CWebApplication.php(282): ConsController->run()
#8 C:\wamp\www\yii\framework\web\CWebApplication.php(141): CWebApplication->runController()
#9 C:\wamp\www\yii\framework\base\CApplication.php(169): CWebApplication->processRequest()
#10 C:\wamp\www\Odsys\index.php(13): CWebApplication->run()
REQUEST_URI=/odsys/index.php/cons/index?xls=1
in C:\wamp\www\Odsys\protected\controllers\ConsController.php (189)
in C:\wamp\www\Odsys\index.php (13)
